<?xml version="1.0" encoding="UTF-8"?>
<robot generator="Robot 4.1.2 (Python 3.10.0 on win32)" generated="20220118 16:22:53.134" rpa="false" schemaversion="2">
<suite id="s1" name="Account-Address" source="C:\Users\ideapad 5\Desktop\EvermosDynamicsWeb\Features\account-address.robot">
<test id="s1-t1" name="User add new address">
<kw name="Open toko homepage">
<kw name="Open Browser" library="SeleniumLibrary">
<arg>${url}</arg>
<arg>${browser}</arg>
<doc>Opens a new browser instance to the optional ``url``.</doc>
<msg timestamp="20220118 16:22:53.561" level="INFO">Opening browser 'Chrome' to base url 'https://berikhtiar.com/huhuhuh.ce6'.</msg>
<status status="PASS" starttime="20220118 16:22:53.560" endtime="20220118 16:23:01.686"/>
</kw>
<kw name="Sleep" library="BuiltIn">
<arg>2s</arg>
<doc>Pauses the test executed for the given time.</doc>
<msg timestamp="20220118 16:23:03.697" level="INFO">Slept 2 seconds</msg>
<status status="PASS" starttime="20220118 16:23:01.686" endtime="20220118 16:23:03.697"/>
</kw>
<status status="PASS" starttime="20220118 16:22:53.559" endtime="20220118 16:23:03.698"/>
</kw>
<kw name="Open Daftar Alamat Pengiriman page">
<kw name="Click Element" library="SeleniumLibrary">
<arg>${menu_akun}</arg>
<doc>Click the element identified by ``locator``.</doc>
<msg timestamp="20220118 16:23:03.703" level="INFO">Clicking element '//*[@id="__layout"]/div/div[7]/div/a[4]'.</msg>
<status status="PASS" starttime="20220118 16:23:03.702" endtime="20220118 16:23:03.873"/>
</kw>
<kw name="Sleep" library="BuiltIn">
<arg>2s</arg>
<doc>Pauses the test executed for the given time.</doc>
<msg timestamp="20220118 16:23:05.876" level="INFO">Slept 2 seconds</msg>
<status status="PASS" starttime="20220118 16:23:03.874" endtime="20220118 16:23:05.876"/>
</kw>
<kw name="Click Element" library="SeleniumLibrary">
<arg>${address_page}</arg>
<doc>Click the element identified by ``locator``.</doc>
<msg timestamp="20220118 16:23:05.876" level="INFO">Clicking element '//*[@id="__layout"]/div/div[2]/div/a[2]'.</msg>
<status status="PASS" starttime="20220118 16:23:05.876" endtime="20220118 16:23:05.936"/>
</kw>
<kw name="Sleep" library="BuiltIn">
<arg>2s</arg>
<doc>Pauses the test executed for the given time.</doc>
<msg timestamp="20220118 16:23:07.936" level="INFO">Slept 2 seconds</msg>
<status status="PASS" starttime="20220118 16:23:05.936" endtime="20220118 16:23:07.936"/>
</kw>
<status status="PASS" starttime="20220118 16:23:03.701" endtime="20220118 16:23:07.937"/>
</kw>
<kw name="User click tambah alamat">
<kw name="Click Element" library="SeleniumLibrary">
<arg>${add_address}</arg>
<doc>Click the element identified by ``locator``.</doc>
<msg timestamp="20220118 16:23:07.939" level="INFO">Clicking element '//*[@class='btn btn--success btn--large btn--block']'.</msg>
<status status="PASS" starttime="20220118 16:23:07.938" endtime="20220118 16:23:08.032"/>
</kw>
<kw name="Sleep" library="BuiltIn">
<arg>2s</arg>
<doc>Pauses the test executed for the given time.</doc>
<msg timestamp="20220118 16:23:10.039" level="INFO">Slept 2 seconds</msg>
<status status="PASS" starttime="20220118 16:23:08.032" endtime="20220118 16:23:10.039"/>
</kw>
<status status="PASS" starttime="20220118 16:23:07.937" endtime="20220118 16:23:10.039"/>
</kw>
<kw name="User input new address form">
<kw name="Input Text" library="SeleniumLibrary">
<arg>${address_title_form}</arg>
<arg>Rumah 1</arg>
<doc>Types the given ``text`` into the text field identified by ``locator``.</doc>
<msg timestamp="20220118 16:23:10.042" level="INFO">Typing text 'Rumah 1' into text field '//*[@id="__layout"]/div/div[2]/form/label[1]/span[2]/input'.</msg>
<status status="PASS" starttime="20220118 16:23:10.041" endtime="20220118 16:23:10.243"/>
</kw>
<kw name="Input Text" library="SeleniumLibrary">
<arg>${address_name_form}</arg>
<arg>Testing User</arg>
<doc>Types the given ``text`` into the text field identified by ``locator``.</doc>
<msg timestamp="20220118 16:23:10.245" level="INFO">Typing text 'Testing User' into text field '//*[@id="__layout"]/div/div[2]/form/label[2]/span[2]/input'.</msg>
<status status="PASS" starttime="20220118 16:23:10.244" endtime="20220118 16:23:10.381"/>
</kw>
<kw name="Input Text" library="SeleniumLibrary">
<arg>${address_phone_form}</arg>
<arg>0812345768343</arg>
<doc>Types the given ``text`` into the text field identified by ``locator``.</doc>
<msg timestamp="20220118 16:23:10.382" level="INFO">Typing text '0812345768343' into text field '//*[@id="__layout"]/div/div[2]/form/label[3]/span[2]/input'.</msg>
<status status="PASS" starttime="20220118 16:23:10.381" endtime="20220118 16:23:10.524"/>
</kw>
<kw name="Click Element" library="SeleniumLibrary">
<arg>${address_choose}</arg>
<doc>Click the element identified by ``locator``.</doc>
<msg timestamp="20220118 16:23:10.524" level="INFO">Clicking element '//*[@id="__layout"]/div/div[2]/form/div/label/a'.</msg>
<status status="PASS" starttime="20220118 16:23:10.524" endtime="20220118 16:23:10.603"/>
</kw>
<kw name="Sleep" library="BuiltIn">
<arg>2s</arg>
<doc>Pauses the test executed for the given time.</doc>
<msg timestamp="20220118 16:23:12.609" level="INFO">Slept 2 seconds</msg>
<status status="PASS" starttime="20220118 16:23:10.603" endtime="20220118 16:23:12.609"/>
</kw>
<kw name="Input Text" library="SeleniumLibrary">
<arg>${address_choose_search}</arg>
<arg>Gambir</arg>
<doc>Types the given ``text`` into the text field identified by ``locator``.</doc>
<msg timestamp="20220118 16:23:12.611" level="INFO">Typing text 'Gambir' into text field '//*[@id="__layout"]/div/div[2]/form/div/div/div/div[2]/form/input'.</msg>
<status status="PASS" starttime="20220118 16:23:12.609" endtime="20220118 16:23:12.745"/>
</kw>
<kw name="Sleep" library="BuiltIn">
<arg>5s</arg>
<doc>Pauses the test executed for the given time.</doc>
<msg timestamp="20220118 16:23:17.755" level="INFO">Slept 5 seconds</msg>
<status status="PASS" starttime="20220118 16:23:12.746" endtime="20220118 16:23:17.755"/>
</kw>
<kw name="Click Element" library="SeleniumLibrary">
<arg>${address_choose_pick}</arg>
<doc>Click the element identified by ``locator``.</doc>
<msg timestamp="20220118 16:23:17.756" level="INFO">Clicking element '//*[@id="__layout"]/div/div[2]/form/div/div/div/div[2]/div/a[5]'.</msg>
<status status="PASS" starttime="20220118 16:23:17.755" endtime="20220118 16:23:17.842"/>
</kw>
<kw name="Sleep" library="BuiltIn">
<arg>5s</arg>
<doc>Pauses the test executed for the given time.</doc>
<msg timestamp="20220118 16:23:22.850" level="INFO">Slept 5 seconds</msg>
<status status="PASS" starttime="20220118 16:23:17.842" endtime="20220118 16:23:22.851"/>
</kw>
<kw name="Input Text" library="SeleniumLibrary">
<arg>${address_detail_form}</arg>
<arg>Jl. Kenangan no.10</arg>
<doc>Types the given ``text`` into the text field identified by ``locator``.</doc>
<msg timestamp="20220118 16:23:22.852" level="INFO">Typing text 'Jl. Kenangan no.10' into text field '//*[@id="__layout"]/div/div[2]/form/label[4]/span[2]/input'.</msg>
<status status="PASS" starttime="20220118 16:23:22.851" endtime="20220118 16:23:23.066"/>
</kw>
<kw name="Click Element" library="SeleniumLibrary">
<arg>${save_address}</arg>
<doc>Click the element identified by ``locator``.</doc>
<msg timestamp="20220118 16:23:23.067" level="INFO">Clicking element '//*[@id="__layout"]/div/div[3]/div/button'.</msg>
<status status="PASS" starttime="20220118 16:23:23.067" endtime="20220118 16:23:23.134"/>
</kw>
<kw name="Sleep" library="BuiltIn">
<arg>2s</arg>
<doc>Pauses the test executed for the given time.</doc>
<msg timestamp="20220118 16:23:25.136" level="INFO">Slept 2 seconds</msg>
<status status="PASS" starttime="20220118 16:23:23.134" endtime="20220118 16:23:25.136"/>
</kw>
<status status="PASS" starttime="20220118 16:23:10.040" endtime="20220118 16:23:25.136"/>
</kw>
<kw name="Choose Ok On Next Confirmation">
<kw name="Handle Alert" library="SeleniumLibrary">
<arg>action=ACCEPT</arg>
<doc>Handles the current alert and returns its message.</doc>
<msg timestamp="20220118 16:23:25.139" level="INFO">HANDLE::&lt;class 'NoneType'&gt;::None</msg>
<status status="PASS" starttime="20220118 16:23:25.138" endtime="20220118 16:23:25.169"/>
</kw>
<kw name="Wait Until Page Contains" library="SeleniumLibrary">
<arg>Berhasil</arg>
<doc>Waits until ``text`` appears on the current page.</doc>
<status status="PASS" starttime="20220118 16:23:25.169" endtime="20220118 16:23:25.442"/>
</kw>
<kw name="Click Element" library="SeleniumLibrary">
<arg>${confirm_adress}</arg>
<doc>Click the element identified by ``locator``.</doc>
<msg timestamp="20220118 16:23:25.443" level="INFO">Clicking element '//button[@class='btn btn--small btn--brand']'.</msg>
<status status="PASS" starttime="20220118 16:23:25.442" endtime="20220118 16:23:25.542"/>
</kw>
<status status="PASS" starttime="20220118 16:23:25.137" endtime="20220118 16:23:25.543"/>
</kw>
<kw name="Wait Until Page Contains" library="SeleniumLibrary">
<arg>Rumah 1</arg>
<doc>Waits until ``text`` appears on the current page.</doc>
<status status="PASS" starttime="20220118 16:23:25.546" endtime="20220118 16:23:25.798"/>
</kw>
<kw name="Closing browser">
<kw name="Close Browser" library="SeleniumLibrary">
<doc>Closes the current browser.</doc>
<status status="PASS" starttime="20220118 16:23:25.800" endtime="20220118 16:23:28.331"/>
</kw>
<status status="PASS" starttime="20220118 16:23:25.799" endtime="20220118 16:23:28.332"/>
</kw>
<status status="PASS" starttime="20220118 16:22:53.558" endtime="20220118 16:23:28.333"/>
</test>
<doc>Homepage Feature</doc>
<status status="PASS" starttime="20220118 16:22:53.137" endtime="20220118 16:23:28.336"/>
</suite>
<statistics>
<total>
<stat pass="1" fail="0" skip="0">All Tests</stat>
</total>
<tag>
</tag>
<suite>
<stat pass="1" fail="0" skip="0" id="s1" name="Account-Address">Account-Address</stat>
</suite>
</statistics>
<errors>
</errors>
</robot>
